INFO - info message
WARNING - warn message
ERROR - error message
CRITICAL - critical message
INFO - info message
WARNING - warn message
ERROR - error message
CRITICAL - critical message
INFO - Logging initialised.
INFO - Logging initialised.
INFO - Logging initialised.
INFO - Logging initialised.
INFO - Logging initialised.
INFO - Main module.
INFO - Logging initialised.
INFO - Main module.
INFO - Logging initialised.
INFO - Main module.
INFO - Logging initialised.
INFO - Main module.
INFO - Logging initialised.
INFO - Main module.
INFO - Logging initialised.
INFO - Main module.
INFO - Logging initialised.
INFO - Main module.
INFO - Logging initialised.
INFO - Main module.
INFO - Logging initialised.
INFO - Logging initialised.
INFO - Logging initialised.
INFO - Logging initialised.
INFO - Logging initialised.
INFO - Settings saved.
INFO - Logging initialised.
INFO - Logging initialised.
INFO - Logging initialised.
INFO - Logging initialised.
